Name:         continuous-image-puller-5lnxc
Namespace:    dune
Priority:     0
Node:         axion-k8s-node-nf-5/192.168.0.110
Start Time:   Tue, 14 Sep 2021 23:50:10 +0000
Labels:       app=jupyterhub
              component=continuous-image-puller
              controller-revision-hash=5fd754c55c
              pod-template-generation=1
              release=v1
Annotations:  cni.projectcalico.org/podIP: 10.233.70.5/32
              cni.projectcalico.org/podIPs: 10.233.70.5/32
Status:       Running
IP:           10.233.70.5
IPs:
  IP:           10.233.70.5
Controlled By:  DaemonSet/continuous-image-puller
Init Containers:
  image-pull-metadata-block:
    Container ID:  docker://61390eb76b3be4ee9d00a79683a8ef27557a1bb0897b3ff5a941775b1249c453
    Image:         jupyterhub/k8s-network-tools:1.1.3
    Image ID:      docker-pullable://jupyterhub/k8s-network-tools@sha256:bd16490bd44b05e545888b531b3e7c05d64f078e5172f3c7ff211c9e7c4e620a
    Port:          <none>
    Host Port:     <none>
    Command:
      /bin/sh
      -c
      echo "Pulling complete"
    State:          Terminated
      Reason:       Completed
      Exit Code:    0
      Started:      Tue, 14 Sep 2021 23:50:11 +0000
      Finished:     Tue, 14 Sep 2021 23:50:11 +0000
    Ready:          True
    Restart Count:  0
    Environment:    <none>
    Mounts:         <none>
  image-pull-singleuser:
    Container ID:  docker://f292603b451ca37a0d6318a5bc819a32d2c6006572f8f23c7b8e93042ea084a2
    Image:         jupyterhub/k8s-singleuser-sample:1.1.3
    Image ID:      docker-pullable://jupyterhub/k8s-singleuser-sample@sha256:67c5ce6d0bdc3586e3bfc9abf024d8c1dbb10730731fbf1348c055c35f71e912
    Port:          <none>
    Host Port:     <none>
    Command:
      /bin/sh
      -c
      echo "Pulling complete"
    State:          Terminated
      Reason:       Completed
      Exit Code:    0
      Started:      Tue, 14 Sep 2021 23:50:12 +0000
      Finished:     Tue, 14 Sep 2021 23:50:12 +0000
    Ready:          True
    Restart Count:  0
    Environment:    <none>
    Mounts:         <none>
Containers:
  pause:
    Container ID:   docker://026ddc879d62aa18a722736a73b3be40e6812dd9b83952644200494c70099bee
    Image:          k8s.gcr.io/pause:3.5
    Image ID:       docker-pullable://k8s.gcr.io/pause@sha256:1ff6c18fbef2045af6b9c16bf034cc421a29027b800e4f9b68ae9b1cb3e9ae07
    Port:           <none>
    Host Port:      <none>
    State:          Running
      Started:      Tue, 14 Sep 2021 23:50:13 +0000
    Ready:          True
    Restart Count:  0
    Environment:    <none>
    Mounts:         <none>
Conditions:
  Type              Status
  Initialized       True 
  Ready             True 
  ContainersReady   True 
  PodScheduled      True 
Volumes:            <none>
QoS Class:          BestEffort
Node-Selectors:     <none>
Tolerations:        hub.jupyter.org/dedicated=user:NoSchedule
                    hub.jupyter.org_dedicated=user:NoSchedule
                    node.kubernetes.io/disk-pressure:NoSchedule op=Exists
                    node.kubernetes.io/memory-pressure:NoSchedule op=Exists
                    node.kubernetes.io/not-ready:NoExecute op=Exists
                    node.kubernetes.io/pid-pressure:NoSchedule op=Exists
                    node.kubernetes.io/unreachable:NoExecute op=Exists
                    node.kubernetes.io/unschedulable:NoSchedule op=Exists
Events:
  Type    Reason     Age   From               Message
  ----    ------     ----  ----               -------
  Normal  Scheduled  16m   default-scheduler  Successfully assigned dune/continuous-image-puller-5lnxc to axion-k8s-node-nf-5
  Normal  Pulled     16m   kubelet            Container image "jupyterhub/k8s-network-tools:1.1.3" already present on machine
  Normal  Created    16m   kubelet            Created container image-pull-metadata-block
  Normal  Started    16m   kubelet            Started container image-pull-metadata-block
  Normal  Pulled     16m   kubelet            Container image "jupyterhub/k8s-singleuser-sample:1.1.3" already present on machine
  Normal  Created    16m   kubelet            Created container image-pull-singleuser
  Normal  Started    16m   kubelet            Started container image-pull-singleuser
  Normal  Pulled     16m   kubelet            Container image "k8s.gcr.io/pause:3.5" already present on machine
  Normal  Created    16m   kubelet            Created container pause
  Normal  Started    16m   kubelet            Started container pause


Name:         continuous-image-puller-849kn
Namespace:    dune
Priority:     0
Node:         axion-k8s-node-nf-3/192.168.0.234
Start Time:   Tue, 14 Sep 2021 23:50:10 +0000
Labels:       app=jupyterhub
              component=continuous-image-puller
              controller-revision-hash=5fd754c55c
              pod-template-generation=1
              release=v1
Annotations:  cni.projectcalico.org/podIP: 10.233.126.5/32
              cni.projectcalico.org/podIPs: 10.233.126.5/32
Status:       Running
IP:           10.233.126.5
IPs:
  IP:           10.233.126.5
Controlled By:  DaemonSet/continuous-image-puller
Init Containers:
  image-pull-metadata-block:
    Container ID:  docker://2380d3a5b2649651afce0910b1e872f9de0381417e703f1bd9b5255f924e4c44
    Image:         jupyterhub/k8s-network-tools:1.1.3
    Image ID:      docker-pullable://jupyterhub/k8s-network-tools@sha256:bd16490bd44b05e545888b531b3e7c05d64f078e5172f3c7ff211c9e7c4e620a
    Port:          <none>
    Host Port:     <none>
    Command:
      /bin/sh
      -c
      echo "Pulling complete"
    State:          Terminated
      Reason:       Completed
      Exit Code:    0
      Started:      Tue, 14 Sep 2021 23:50:12 +0000
      Finished:     Tue, 14 Sep 2021 23:50:12 +0000
    Ready:          True
    Restart Count:  0
    Environment:    <none>
    Mounts:         <none>
  image-pull-singleuser:
    Container ID:  docker://dd17b35c8b471d3dfbb92edf357444f797794c525ddce4f0202602edac0dd646
    Image:         jupyterhub/k8s-singleuser-sample:1.1.3
    Image ID:      docker-pullable://jupyterhub/k8s-singleuser-sample@sha256:67c5ce6d0bdc3586e3bfc9abf024d8c1dbb10730731fbf1348c055c35f71e912
    Port:          <none>
    Host Port:     <none>
    Command:
      /bin/sh
      -c
      echo "Pulling complete"
    State:          Terminated
      Reason:       Completed
      Exit Code:    0
      Started:      Tue, 14 Sep 2021 23:50:14 +0000
      Finished:     Tue, 14 Sep 2021 23:50:14 +0000
    Ready:          True
    Restart Count:  0
    Environment:    <none>
    Mounts:         <none>
Containers:
  pause:
    Container ID:   docker://dbf1093b92905d6fd6b3b672dabf5dfcaa7ea1371ada65921a294db4d34ee7d8
    Image:          k8s.gcr.io/pause:3.5
    Image ID:       docker-pullable://k8s.gcr.io/pause@sha256:1ff6c18fbef2045af6b9c16bf034cc421a29027b800e4f9b68ae9b1cb3e9ae07
    Port:           <none>
    Host Port:      <none>
    State:          Running
      Started:      Tue, 14 Sep 2021 23:50:15 +0000
    Ready:          True
    Restart Count:  0
    Environment:    <none>
    Mounts:         <none>
Conditions:
  Type              Status
  Initialized       True 
  Ready             True 
  ContainersReady   True 
  PodScheduled      True 
Volumes:            <none>
QoS Class:          BestEffort
Node-Selectors:     <none>
Tolerations:        hub.jupyter.org/dedicated=user:NoSchedule
                    hub.jupyter.org_dedicated=user:NoSchedule
                    node.kubernetes.io/disk-pressure:NoSchedule op=Exists
                    node.kubernetes.io/memory-pressure:NoSchedule op=Exists
                    node.kubernetes.io/not-ready:NoExecute op=Exists
                    node.kubernetes.io/pid-pressure:NoSchedule op=Exists
                    node.kubernetes.io/unreachable:NoExecute op=Exists
                    node.kubernetes.io/unschedulable:NoSchedule op=Exists
Events:
  Type    Reason     Age   From               Message
  ----    ------     ----  ----               -------
  Normal  Scheduled  16m   default-scheduler  Successfully assigned dune/continuous-image-puller-849kn to axion-k8s-node-nf-3
  Normal  Pulled     16m   kubelet            Container image "jupyterhub/k8s-network-tools:1.1.3" already present on machine
  Normal  Created    16m   kubelet            Created container image-pull-metadata-block
  Normal  Started    16m   kubelet            Started container image-pull-metadata-block
  Normal  Pulled     16m   kubelet            Container image "jupyterhub/k8s-singleuser-sample:1.1.3" already present on machine
  Normal  Created    16m   kubelet            Created container image-pull-singleuser
  Normal  Started    16m   kubelet            Started container image-pull-singleuser
  Normal  Pulled     16m   kubelet            Container image "k8s.gcr.io/pause:3.5" already present on machine
  Normal  Created    16m   kubelet            Created container pause
  Normal  Started    16m   kubelet            Started container pause


Name:         continuous-image-puller-9mx42
Namespace:    dune
Priority:     0
Node:         axion-k8s-node-nf-2/192.168.0.65
Start Time:   Tue, 14 Sep 2021 23:50:10 +0000
Labels:       app=jupyterhub
              component=continuous-image-puller
              controller-revision-hash=5fd754c55c
              pod-template-generation=1
              release=v1
Annotations:  cni.projectcalico.org/podIP: 10.233.94.5/32
              cni.projectcalico.org/podIPs: 10.233.94.5/32
Status:       Running
IP:           10.233.94.5
IPs:
  IP:           10.233.94.5
Controlled By:  DaemonSet/continuous-image-puller
Init Containers:
  image-pull-metadata-block:
    Container ID:  docker://ab21e8aae01447e3218eda4fabddb7ba9991d7f9d4828d1858fdde852bb3b8a7
    Image:         jupyterhub/k8s-network-tools:1.1.3
    Image ID:      docker-pullable://jupyterhub/k8s-network-tools@sha256:bd16490bd44b05e545888b531b3e7c05d64f078e5172f3c7ff211c9e7c4e620a
    Port:          <none>
    Host Port:     <none>
    Command:
      /bin/sh
      -c
      echo "Pulling complete"
    State:          Terminated
      Reason:       Completed
      Exit Code:    0
      Started:      Tue, 14 Sep 2021 23:50:11 +0000
      Finished:     Tue, 14 Sep 2021 23:50:11 +0000
    Ready:          True
    Restart Count:  0
    Environment:    <none>
    Mounts:         <none>
  image-pull-singleuser:
    Container ID:  docker://e4a51d86fcb802293ddc079d9ea81f120d474164ecfc85c5a69fd88a8f29a618
    Image:         jupyterhub/k8s-singleuser-sample:1.1.3
    Image ID:      docker-pullable://jupyterhub/k8s-singleuser-sample@sha256:67c5ce6d0bdc3586e3bfc9abf024d8c1dbb10730731fbf1348c055c35f71e912
    Port:          <none>
    Host Port:     <none>
    Command:
      /bin/sh
      -c
      echo "Pulling complete"
    State:          Terminated
      Reason:       Completed
      Exit Code:    0
      Started:      Tue, 14 Sep 2021 23:50:12 +0000
      Finished:     Tue, 14 Sep 2021 23:50:12 +0000
    Ready:          True
    Restart Count:  0
    Environment:    <none>
    Mounts:         <none>
Containers:
  pause:
    Container ID:   docker://274376caad33c35080da20a8473b26c5b935e53f0a55e0beb352f8a9c4df8767
    Image:          k8s.gcr.io/pause:3.5
    Image ID:       docker-pullable://k8s.gcr.io/pause@sha256:1ff6c18fbef2045af6b9c16bf034cc421a29027b800e4f9b68ae9b1cb3e9ae07
    Port:           <none>
    Host Port:      <none>
    State:          Running
      Started:      Tue, 14 Sep 2021 23:50:13 +0000
    Ready:          True
    Restart Count:  0
    Environment:    <none>
    Mounts:         <none>
Conditions:
  Type              Status
  Initialized       True 
  Ready             True 
  ContainersReady   True 
  PodScheduled      True 
Volumes:            <none>
QoS Class:          BestEffort
Node-Selectors:     <none>
Tolerations:        hub.jupyter.org/dedicated=user:NoSchedule
                    hub.jupyter.org_dedicated=user:NoSchedule
                    node.kubernetes.io/disk-pressure:NoSchedule op=Exists
                    node.kubernetes.io/memory-pressure:NoSchedule op=Exists
                    node.kubernetes.io/not-ready:NoExecute op=Exists
                    node.kubernetes.io/pid-pressure:NoSchedule op=Exists
                    node.kubernetes.io/unreachable:NoExecute op=Exists
                    node.kubernetes.io/unschedulable:NoSchedule op=Exists
Events:
  Type    Reason     Age   From               Message
  ----    ------     ----  ----               -------
  Normal  Scheduled  16m   default-scheduler  Successfully assigned dune/continuous-image-puller-9mx42 to axion-k8s-node-nf-2
  Normal  Pulled     16m   kubelet            Container image "jupyterhub/k8s-network-tools:1.1.3" already present on machine
  Normal  Created    16m   kubelet            Created container image-pull-metadata-block
  Normal  Started    16m   kubelet            Started container image-pull-metadata-block
  Normal  Pulled     16m   kubelet            Container image "jupyterhub/k8s-singleuser-sample:1.1.3" already present on machine
  Normal  Created    16m   kubelet            Created container image-pull-singleuser
  Normal  Started    16m   kubelet            Started container image-pull-singleuser
  Normal  Pulled     16m   kubelet            Container image "k8s.gcr.io/pause:3.5" already present on machine
  Normal  Created    16m   kubelet            Created container pause
  Normal  Started    16m   kubelet            Started container pause


Name:         continuous-image-puller-b68gd
Namespace:    dune
Priority:     0
Node:         axion-k8s-node-nf-4/192.168.0.183
Start Time:   Tue, 14 Sep 2021 23:50:10 +0000
Labels:       app=jupyterhub
              component=continuous-image-puller
              controller-revision-hash=5fd754c55c
              pod-template-generation=1
              release=v1
Annotations:  cni.projectcalico.org/podIP: 10.233.98.6/32
              cni.projectcalico.org/podIPs: 10.233.98.6/32
Status:       Running
IP:           10.233.98.6
IPs:
  IP:           10.233.98.6
Controlled By:  DaemonSet/continuous-image-puller
Init Containers:
  image-pull-metadata-block:
    Container ID:  docker://2a81a7b6ed46abab097b78f8a942464767debec2d207a0a412b6959f300fbab2
    Image:         jupyterhub/k8s-network-tools:1.1.3
    Image ID:      docker-pullable://jupyterhub/k8s-network-tools@sha256:bd16490bd44b05e545888b531b3e7c05d64f078e5172f3c7ff211c9e7c4e620a
    Port:          <none>
    Host Port:     <none>
    Command:
      /bin/sh
      -c
      echo "Pulling complete"
    State:          Terminated
      Reason:       Completed
      Exit Code:    0
      Started:      Tue, 14 Sep 2021 23:50:11 +0000
      Finished:     Tue, 14 Sep 2021 23:50:11 +0000
    Ready:          True
    Restart Count:  0
    Environment:    <none>
    Mounts:         <none>
  image-pull-singleuser:
    Container ID:  docker://26999451d9e229302ff2700f7327e8d658441fd3ba6ada21b9c1084c6ae66636
    Image:         jupyterhub/k8s-singleuser-sample:1.1.3
    Image ID:      docker-pullable://jupyterhub/k8s-singleuser-sample@sha256:67c5ce6d0bdc3586e3bfc9abf024d8c1dbb10730731fbf1348c055c35f71e912
    Port:          <none>
    Host Port:     <none>
    Command:
      /bin/sh
      -c
      echo "Pulling complete"
    State:          Terminated
      Reason:       Completed
      Exit Code:    0
      Started:      Tue, 14 Sep 2021 23:50:12 +0000
      Finished:     Tue, 14 Sep 2021 23:50:12 +0000
    Ready:          True
    Restart Count:  0
    Environment:    <none>
    Mounts:         <none>
Containers:
  pause:
    Container ID:   docker://38fe522bb0c7e255f38df98985f4e6eac2d15c24571e2be58ff7cdf63ee33747
    Image:          k8s.gcr.io/pause:3.5
    Image ID:       docker-pullable://k8s.gcr.io/pause@sha256:1ff6c18fbef2045af6b9c16bf034cc421a29027b800e4f9b68ae9b1cb3e9ae07
    Port:           <none>
    Host Port:      <none>
    State:          Running
      Started:      Tue, 14 Sep 2021 23:50:13 +0000
    Ready:          True
    Restart Count:  0
    Environment:    <none>
    Mounts:         <none>
Conditions:
  Type              Status
  Initialized       True 
  Ready             True 
  ContainersReady   True 
  PodScheduled      True 
Volumes:            <none>
QoS Class:          BestEffort
Node-Selectors:     <none>
Tolerations:        hub.jupyter.org/dedicated=user:NoSchedule
                    hub.jupyter.org_dedicated=user:NoSchedule
                    node.kubernetes.io/disk-pressure:NoSchedule op=Exists
                    node.kubernetes.io/memory-pressure:NoSchedule op=Exists
                    node.kubernetes.io/not-ready:NoExecute op=Exists
                    node.kubernetes.io/pid-pressure:NoSchedule op=Exists
                    node.kubernetes.io/unreachable:NoExecute op=Exists
                    node.kubernetes.io/unschedulable:NoSchedule op=Exists
Events:
  Type    Reason     Age   From               Message
  ----    ------     ----  ----               -------
  Normal  Scheduled  16m   default-scheduler  Successfully assigned dune/continuous-image-puller-b68gd to axion-k8s-node-nf-4
  Normal  Pulled     16m   kubelet            Container image "jupyterhub/k8s-network-tools:1.1.3" already present on machine
  Normal  Created    16m   kubelet            Created container image-pull-metadata-block
  Normal  Started    16m   kubelet            Started container image-pull-metadata-block
  Normal  Pulled     16m   kubelet            Container image "jupyterhub/k8s-singleuser-sample:1.1.3" already present on machine
  Normal  Created    16m   kubelet            Created container image-pull-singleuser
  Normal  Started    16m   kubelet            Started container image-pull-singleuser
  Normal  Pulled     16m   kubelet            Container image "k8s.gcr.io/pause:3.5" already present on machine
  Normal  Created    16m   kubelet            Created container pause
  Normal  Started    16m   kubelet            Started container pause


Name:         continuous-image-puller-prc96
Namespace:    dune
Priority:     0
Node:         axion-k8s-node-nf-1/192.168.0.102
Start Time:   Tue, 14 Sep 2021 23:50:10 +0000
Labels:       app=jupyterhub
              component=continuous-image-puller
              controller-revision-hash=5fd754c55c
              pod-template-generation=1
              release=v1
Annotations:  cni.projectcalico.org/podIP: 10.233.102.5/32
              cni.projectcalico.org/podIPs: 10.233.102.5/32
Status:       Running
IP:           10.233.102.5
IPs:
  IP:           10.233.102.5
Controlled By:  DaemonSet/continuous-image-puller
Init Containers:
  image-pull-metadata-block:
    Container ID:  docker://b1b1f2cc39dc56486af67237ddee62cd581791004f6df051344f488a7132b6b1
    Image:         jupyterhub/k8s-network-tools:1.1.3
    Image ID:      docker-pullable://jupyterhub/k8s-network-tools@sha256:bd16490bd44b05e545888b531b3e7c05d64f078e5172f3c7ff211c9e7c4e620a
    Port:          <none>
    Host Port:     <none>
    Command:
      /bin/sh
      -c
      echo "Pulling complete"
    State:          Terminated
      Reason:       Completed
      Exit Code:    0
      Started:      Tue, 14 Sep 2021 23:50:11 +0000
      Finished:     Tue, 14 Sep 2021 23:50:11 +0000
    Ready:          True
    Restart Count:  0
    Environment:    <none>
    Mounts:         <none>
  image-pull-singleuser:
    Container ID:  docker://5ceb8b1a4ae06aa37041a196a70621168166e3c33d23749b49db2260199473e5
    Image:         jupyterhub/k8s-singleuser-sample:1.1.3
    Image ID:      docker-pullable://jupyterhub/k8s-singleuser-sample@sha256:67c5ce6d0bdc3586e3bfc9abf024d8c1dbb10730731fbf1348c055c35f71e912
    Port:          <none>
    Host Port:     <none>
    Command:
      /bin/sh
      -c
      echo "Pulling complete"
    State:          Terminated
      Reason:       Completed
      Exit Code:    0
      Started:      Tue, 14 Sep 2021 23:50:12 +0000
      Finished:     Tue, 14 Sep 2021 23:50:12 +0000
    Ready:          True
    Restart Count:  0
    Environment:    <none>
    Mounts:         <none>
Containers:
  pause:
    Container ID:   docker://8ad7551af20dcfa53cf9e48fd6360ec9cbe2fed7e9fb81b7caf71cc0a6d3e659
    Image:          k8s.gcr.io/pause:3.5
    Image ID:       docker-pullable://k8s.gcr.io/pause@sha256:1ff6c18fbef2045af6b9c16bf034cc421a29027b800e4f9b68ae9b1cb3e9ae07
    Port:           <none>
    Host Port:      <none>
    State:          Running
      Started:      Tue, 14 Sep 2021 23:50:13 +0000
    Ready:          True
    Restart Count:  0
    Environment:    <none>
    Mounts:         <none>
Conditions:
  Type              Status
  Initialized       True 
  Ready             True 
  ContainersReady   True 
  PodScheduled      True 
Volumes:            <none>
QoS Class:          BestEffort
Node-Selectors:     <none>
Tolerations:        hub.jupyter.org/dedicated=user:NoSchedule
                    hub.jupyter.org_dedicated=user:NoSchedule
                    node.kubernetes.io/disk-pressure:NoSchedule op=Exists
                    node.kubernetes.io/memory-pressure:NoSchedule op=Exists
                    node.kubernetes.io/not-ready:NoExecute op=Exists
                    node.kubernetes.io/pid-pressure:NoSchedule op=Exists
                    node.kubernetes.io/unreachable:NoExecute op=Exists
                    node.kubernetes.io/unschedulable:NoSchedule op=Exists
Events:
  Type    Reason     Age   From               Message
  ----    ------     ----  ----               -------
  Normal  Scheduled  16m   default-scheduler  Successfully assigned dune/continuous-image-puller-prc96 to axion-k8s-node-nf-1
  Normal  Pulled     16m   kubelet            Container image "jupyterhub/k8s-network-tools:1.1.3" already present on machine
  Normal  Created    16m   kubelet            Created container image-pull-metadata-block
  Normal  Started    16m   kubelet            Started container image-pull-metadata-block
  Normal  Pulled     16m   kubelet            Container image "jupyterhub/k8s-singleuser-sample:1.1.3" already present on machine
  Normal  Created    16m   kubelet            Created container image-pull-singleuser
  Normal  Started    16m   kubelet            Started container image-pull-singleuser
  Normal  Pulled     16m   kubelet            Container image "k8s.gcr.io/pause:3.5" already present on machine
  Normal  Created    16m   kubelet            Created container pause
  Normal  Started    16m   kubelet            Started container pause


Name:           hub-cc7ff9b45-nwtwz
Namespace:      dune
Priority:       0
Node:           <none>
Labels:         app=jupyterhub
                component=hub
                hub.jupyter.org/network-access-proxy-api=true
                hub.jupyter.org/network-access-proxy-http=true
                hub.jupyter.org/network-access-singleuser=true
                pod-template-hash=cc7ff9b45
                release=v1
Annotations:    checksum/config-map: 3faf09c26088a8ddff640ca3601dcd153d8e1364f00e49722befbe87062807ac
                checksum/secret: 0da17d9a6d1d76b6958a1359209affdb7d85933115c121744e905a327dc7ac85
Status:         Pending
IP:             
IPs:            <none>
Controlled By:  ReplicaSet/hub-cc7ff9b45
Containers:
  hub:
    Image:      jupyterhub/k8s-hub:1.1.3
    Port:       8081/TCP
    Host Port:  0/TCP
    Args:
      jupyterhub
      --config
      /usr/local/etc/jupyterhub/jupyterhub_config.py
      --upgrade-db
    Liveness:   http-get http://:http/hub/health delay=300s timeout=3s period=10s #success=1 #failure=30
    Readiness:  http-get http://:http/hub/health delay=0s timeout=1s period=2s #success=1 #failure=1000
    Environment:
      PYTHONUNBUFFERED:        1
      HELM_RELEASE_NAME:       v1
      POD_NAMESPACE:           dune (v1:metadata.namespace)
      CONFIGPROXY_AUTH_TOKEN:  <set to the key 'hub.config.ConfigurableHTTPProxy.auth_token' in secret 'hub'>  Optional: false
    Mounts:
      /srv/jupyterhub from pvc (rw)
      /usr/local/etc/jupyterhub/config/ from config (rw)
      /usr/local/etc/jupyterhub/jupyterhub_config.py from config (rw,path="jupyterhub_config.py")
      /usr/local/etc/jupyterhub/secret/ from secret (rw)
      /usr/local/etc/jupyterhub/z2jh.py from config (rw,path="z2jh.py")
      /var/run/secrets/kubernetes.io/serviceaccount from hub-token-jdhzb (ro)
Conditions:
  Type           Status
  PodScheduled   False 
Volumes:
  config:
    Type:      ConfigMap (a volume populated by a ConfigMap)
    Name:      hub
    Optional:  false
  secret:
    Type:        Secret (a volume populated by a Secret)
    SecretName:  hub
    Optional:    false
  pvc:
    Type:       PersistentVolumeClaim (a reference to a PersistentVolumeClaim in the same namespace)
    ClaimName:  hub-db-dir
    ReadOnly:   false
  hub-token-jdhzb:
    Type:        Secret (a volume populated by a Secret)
    SecretName:  hub-token-jdhzb
    Optional:    false
QoS Class:       BestEffort
Node-Selectors:  <none>
Tolerations:     hub.jupyter.org/dedicated=core:NoSchedule
                 hub.jupyter.org_dedicated=core:NoSchedule
                 node.kubernetes.io/not-ready:NoExecute op=Exists for 300s
                 node.kubernetes.io/unreachable:NoExecute op=Exists for 300s
Events:
  Type     Reason            Age   From               Message
  ----     ------            ----  ----               -------
  Warning  FailedScheduling  16m   default-scheduler  0/6 nodes are available: 6 pod has unbound immediate PersistentVolumeClaims.
  Warning  FailedScheduling  16m   default-scheduler  0/6 nodes are available: 6 pod has unbound immediate PersistentVolumeClaims.


Name:         proxy-686f4c89fd-2h4dm
Namespace:    dune
Priority:     0
Node:         axion-k8s-node-nf-3/192.168.0.234
Start Time:   Tue, 14 Sep 2021 23:50:10 +0000
Labels:       app=jupyterhub
              component=proxy
              hub.jupyter.org/network-access-hub=true
              hub.jupyter.org/network-access-singleuser=true
              pod-template-hash=686f4c89fd
              release=v1
Annotations:  checksum/auth-token: 29d8
              checksum/proxy-secret: 01ba4719c80b6fe911b091a7c05124b64eeece964e09c058ef8f9805daca546b
              cni.projectcalico.org/podIP: 10.233.126.6/32
              cni.projectcalico.org/podIPs: 10.233.126.6/32
Status:       Running
IP:           10.233.126.6
IPs:
  IP:           10.233.126.6
Controlled By:  ReplicaSet/proxy-686f4c89fd
Containers:
  chp:
    Container ID:  docker://59bc40eceaf9c3d8d8f103f748cdae323742e51d715602de1865d6c356766a98
    Image:         jupyterhub/configurable-http-proxy:4.5.0
    Image ID:      docker-pullable://jupyterhub/configurable-http-proxy@sha256:8ced0a2f8073bd14e9d9609089c8144e95473c0d230a14ef49956500ac8d24ac
    Ports:         8000/TCP, 8001/TCP
    Host Ports:    0/TCP, 0/TCP
    Command:
      configurable-http-proxy
      --ip=
      --api-ip=
      --api-port=8001
      --default-target=http://hub:$(HUB_SERVICE_PORT)
      --error-target=http://hub:$(HUB_SERVICE_PORT)/hub/error
      --port=8000
    State:          Running
      Started:      Tue, 14 Sep 2021 23:50:13 +0000
    Ready:          True
    Restart Count:  0
    Liveness:       http-get http://:http/_chp_healthz delay=60s timeout=1s period=10s #success=1 #failure=3
    Readiness:      http-get http://:http/_chp_healthz delay=0s timeout=1s period=2s #success=1 #failure=3
    Environment:
      CONFIGPROXY_AUTH_TOKEN:  <set to the key 'hub.config.ConfigurableHTTPProxy.auth_token' in secret 'hub'>  Optional: false
    Mounts:
      /var/run/secrets/kubernetes.io/serviceaccount from default-token-zjrqb (ro)
Conditions:
  Type              Status
  Initialized       True 
  Ready             True 
  ContainersReady   True 
  PodScheduled      True 
Volumes:
  default-token-zjrqb:
    Type:        Secret (a volume populated by a Secret)
    SecretName:  default-token-zjrqb
    Optional:    false
QoS Class:       BestEffort
Node-Selectors:  <none>
Tolerations:     hub.jupyter.org/dedicated=core:NoSchedule
                 hub.jupyter.org_dedicated=core:NoSchedule
                 node.kubernetes.io/not-ready:NoExecute op=Exists for 300s
                 node.kubernetes.io/unreachable:NoExecute op=Exists for 300s
Events:
  Type    Reason     Age   From               Message
  ----    ------     ----  ----               -------
  Normal  Scheduled  16m   default-scheduler  Successfully assigned dune/proxy-686f4c89fd-2h4dm to axion-k8s-node-nf-3
  Normal  Pulled     16m   kubelet            Container image "jupyterhub/configurable-http-proxy:4.5.0" already present on machine
  Normal  Created    16m   kubelet            Created container chp
  Normal  Started    16m   kubelet            Started container chp


Name:         user-scheduler-85fcf7df6-nchkm
Namespace:    dune
Priority:     0
Node:         axion-k8s-node-nf-3/192.168.0.234
Start Time:   Tue, 14 Sep 2021 23:50:10 +0000
Labels:       app=jupyterhub
              component=user-scheduler
              pod-template-hash=85fcf7df6
              release=v1
Annotations:  checksum/config-map: 270f7d22bfde135222683ac266a31f0001ab44bef348dd9372671e80e7974ea9
              cni.projectcalico.org/podIP: 10.233.126.7/32
              cni.projectcalico.org/podIPs: 10.233.126.7/32
Status:       Running
IP:           10.233.126.7
IPs:
  IP:           10.233.126.7
Controlled By:  ReplicaSet/user-scheduler-85fcf7df6
Containers:
  kube-scheduler:
    Container ID:  docker://682ab46e349b1a0bd9e8a6871d2ffb7441ac833140048093c366b9f5ae9dcd76
    Image:         k8s.gcr.io/kube-scheduler:v1.19.13
    Image ID:      docker-pullable://k8s.gcr.io/kube-scheduler@sha256:1810844d782c996ca17cd8795e2605aae6c7cbc123f7933fbc273bc6643d12be
    Port:          <none>
    Host Port:     <none>
    Command:
      /usr/local/bin/kube-scheduler
      --config=/etc/user-scheduler/config.yaml
      --authentication-skip-lookup=true
      --v=4
    State:          Running
      Started:      Tue, 14 Sep 2021 23:50:17 +0000
    Ready:          True
    Restart Count:  0
    Liveness:       http-get http://:10251/healthz delay=15s timeout=1s period=10s #success=1 #failure=3
    Readiness:      http-get http://:10251/healthz delay=0s timeout=1s period=10s #success=1 #failure=3
    Environment:    <none>
    Mounts:
      /etc/user-scheduler from config (rw)
      /var/run/secrets/kubernetes.io/serviceaccount from user-scheduler-token-r6ztx (ro)
Conditions:
  Type              Status
  Initialized       True 
  Ready             True 
  ContainersReady   True 
  PodScheduled      True 
Volumes:
  config:
    Type:      ConfigMap (a volume populated by a ConfigMap)
    Name:      user-scheduler
    Optional:  false
  user-scheduler-token-r6ztx:
    Type:        Secret (a volume populated by a Secret)
    SecretName:  user-scheduler-token-r6ztx
    Optional:    false
QoS Class:       BestEffort
Node-Selectors:  <none>
Tolerations:     hub.jupyter.org/dedicated=core:NoSchedule
                 hub.jupyter.org_dedicated=core:NoSchedule
                 node.kubernetes.io/not-ready:NoExecute op=Exists for 300s
                 node.kubernetes.io/unreachable:NoExecute op=Exists for 300s
Events:
  Type    Reason     Age   From               Message
  ----    ------     ----  ----               -------
  Normal  Scheduled  16m   default-scheduler  Successfully assigned dune/user-scheduler-85fcf7df6-nchkm to axion-k8s-node-nf-3
  Normal  Pulling    16m   kubelet            Pulling image "k8s.gcr.io/kube-scheduler:v1.19.13"
  Normal  Pulled     16m   kubelet            Successfully pulled image "k8s.gcr.io/kube-scheduler:v1.19.13" in 3.893188522s
  Normal  Created    16m   kubelet            Created container kube-scheduler
  Normal  Started    16m   kubelet            Started container kube-scheduler


Name:         user-scheduler-85fcf7df6-snlwv
Namespace:    dune
Priority:     0
Node:         axion-k8s-node-nf-5/192.168.0.110
Start Time:   Tue, 14 Sep 2021 23:50:10 +0000
Labels:       app=jupyterhub
              component=user-scheduler
              pod-template-hash=85fcf7df6
              release=v1
Annotations:  checksum/config-map: 270f7d22bfde135222683ac266a31f0001ab44bef348dd9372671e80e7974ea9
              cni.projectcalico.org/podIP: 10.233.70.6/32
              cni.projectcalico.org/podIPs: 10.233.70.6/32
Status:       Running
IP:           10.233.70.6
IPs:
  IP:           10.233.70.6
Controlled By:  ReplicaSet/user-scheduler-85fcf7df6
Containers:
  kube-scheduler:
    Container ID:  docker://5dedc39ee37f0fa2cf200766e17f844c470d7fe6f12331ef0e9ab50ec73b64e3
    Image:         k8s.gcr.io/kube-scheduler:v1.19.13
    Image ID:      docker-pullable://k8s.gcr.io/kube-scheduler@sha256:1810844d782c996ca17cd8795e2605aae6c7cbc123f7933fbc273bc6643d12be
    Port:          <none>
    Host Port:     <none>
    Command:
      /usr/local/bin/kube-scheduler
      --config=/etc/user-scheduler/config.yaml
      --authentication-skip-lookup=true
      --v=4
    State:          Running
      Started:      Tue, 14 Sep 2021 23:50:15 +0000
    Ready:          True
    Restart Count:  0
    Liveness:       http-get http://:10251/healthz delay=15s timeout=1s period=10s #success=1 #failure=3
    Readiness:      http-get http://:10251/healthz delay=0s timeout=1s period=10s #success=1 #failure=3
    Environment:    <none>
    Mounts:
      /etc/user-scheduler from config (rw)
      /var/run/secrets/kubernetes.io/serviceaccount from user-scheduler-token-r6ztx (ro)
Conditions:
  Type              Status
  Initialized       True 
  Ready             True 
  ContainersReady   True 
  PodScheduled      True 
Volumes:
  config:
    Type:      ConfigMap (a volume populated by a ConfigMap)
    Name:      user-scheduler
    Optional:  false
  user-scheduler-token-r6ztx:
    Type:        Secret (a volume populated by a Secret)
    SecretName:  user-scheduler-token-r6ztx
    Optional:    false
QoS Class:       BestEffort
Node-Selectors:  <none>
Tolerations:     hub.jupyter.org/dedicated=core:NoSchedule
                 hub.jupyter.org_dedicated=core:NoSchedule
                 node.kubernetes.io/not-ready:NoExecute op=Exists for 300s
                 node.kubernetes.io/unreachable:NoExecute op=Exists for 300s
Events:
  Type    Reason     Age   From               Message
  ----    ------     ----  ----               -------
  Normal  Scheduled  16m   default-scheduler  Successfully assigned dune/user-scheduler-85fcf7df6-snlwv to axion-k8s-node-nf-5
  Normal  Pulling    16m   kubelet            Pulling image "k8s.gcr.io/kube-scheduler:v1.19.13"
  Normal  Pulled     16m   kubelet            Successfully pulled image "k8s.gcr.io/kube-scheduler:v1.19.13" in 3.21405265s
  Normal  Created    16m   kubelet            Created container kube-scheduler
  Normal  Started    16m   kubelet            Started container kube-scheduler
